2025-09-15 16:05:27,815 - main_pipeline - INFO - Starting ECG+PPG multimodal pipeline...
2025-09-15 16:05:27,815 - main_pipeline - INFO - Using device: cuda
2025-09-15 16:05:27,815 - main_pipeline - INFO - Directory structure created successfully
2025-09-15 16:05:27,815 - main_pipeline - INFO - Loading and preprocessing data...
2025-09-15 16:05:27,815 - main_pipeline - INFO - Found 48 MIT-BIH records
2025-09-15 16:05:27,871 - main_pipeline - INFO - Processed record 100: 2265 windows
2025-09-15 16:05:27,910 - main_pipeline - INFO - Processed record 101: 1860 windows
2025-09-15 16:05:27,955 - main_pipeline - INFO - Processed record 102: 2181 windows
2025-09-15 16:05:27,995 - main_pipeline - INFO - Processed record 103: 2078 windows
2025-09-15 16:05:28,039 - main_pipeline - INFO - Processed record 104: 2223 windows
2025-09-15 16:05:28,088 - main_pipeline - INFO - Processed record 105: 2565 windows
2025-09-15 16:05:28,133 - main_pipeline - INFO - Processed record 106: 2021 windows
2025-09-15 16:05:28,175 - main_pipeline - INFO - Processed record 107: 2132 windows
2025-09-15 16:05:28,216 - main_pipeline - INFO - Processed record 108: 1758 windows
2025-09-15 16:05:28,262 - main_pipeline - INFO - Processed record 109: 2525 windows
2025-09-15 16:05:28,301 - main_pipeline - INFO - Processed record 111: 2118 windows
2025-09-15 16:05:28,346 - main_pipeline - INFO - Processed record 112: 2532 windows
2025-09-15 16:05:28,385 - main_pipeline - INFO - Processed record 113: 1790 windows
2025-09-15 16:05:28,422 - main_pipeline - INFO - Processed record 114: 1873 windows
2025-09-15 16:05:28,460 - main_pipeline - INFO - Processed record 115: 1947 windows
2025-09-15 16:05:28,505 - main_pipeline - INFO - Processed record 116: 2405 windows
2025-09-15 16:05:28,540 - main_pipeline - INFO - Processed record 117: 1530 windows
2025-09-15 16:05:28,581 - main_pipeline - INFO - Processed record 118: 2272 windows
2025-09-15 16:05:28,619 - main_pipeline - INFO - Processed record 119: 1982 windows
2025-09-15 16:05:28,660 - main_pipeline - INFO - Processed record 121: 1857 windows
2025-09-15 16:05:28,705 - main_pipeline - INFO - Processed record 122: 2469 windows
2025-09-15 16:05:28,739 - main_pipeline - INFO - Processed record 123: 1513 windows
2025-09-15 16:05:28,774 - main_pipeline - INFO - Processed record 124: 1614 windows
2025-09-15 16:05:28,824 - main_pipeline - INFO - Processed record 200: 2594 windows
2025-09-15 16:05:28,863 - main_pipeline - INFO - Processed record 201: 1959 windows
2025-09-15 16:05:28,904 - main_pipeline - INFO - Processed record 202: 2129 windows
2025-09-15 16:05:28,958 - main_pipeline - INFO - Processed record 203: 2974 windows
2025-09-15 16:05:29,005 - main_pipeline - INFO - Processed record 205: 2649 windows
2025-09-15 16:05:29,045 - main_pipeline - INFO - Processed record 207: 1851 windows
2025-09-15 16:05:29,099 - main_pipeline - INFO - Processed record 208: 2947 windows
2025-09-15 16:05:29,253 - main_pipeline - INFO - Total ECG windows: 64613
2025-09-15 16:05:29,253 - main_pipeline - INFO - Class distribution: [53382   507  4100   402  6222]
2025-09-15 16:05:29,253 - main_pipeline - INFO - Generating synthetic PPG data (replace with real PPG in production)
2025-09-15 16:05:35,952 - main_pipeline - INFO - Applying signal preprocessing...
2025-09-15 16:06:35,925 - main_pipeline - INFO - Data split - Train: 38767, Val: 12923, Test: 12923
2025-09-15 16:07:41,722 - main_pipeline - INFO - Processed data saved to /home/jaadoo/Documents/Projects/CAPSTONE/project_root/data/processed/multimodal_data.npz
2025-09-15 16:07:41,767 - main_pipeline - INFO - Creating data loaders...
2025-09-15 16:07:42,024 - main_pipeline - INFO - Created data loaders - Train batches: 1212, Val batches: 404
2025-09-15 16:07:42,024 - main_pipeline - INFO - Initializing and training model...
2025-09-15 16:07:42,025 - main_pipeline - ERROR - Pipeline failed: MultiModalFusionNetwork.__init__() got an unexpected keyword argument 'seq_len_ecg'
Traceback (most recent call last):
  File "/home/jaadoo/Documents/Projects/CAPSTONE/project_root/1.py", line 647, in <module>
    main()
  File "/home/jaadoo/Documents/Projects/CAPSTONE/project_root/1.py", line 576, in main
    model, history = train_model(train_loader, val_loader, seq_len_ecg, seq_len_ppg)
                     ^^^^^^^^^^^^^^^^^^^^^^^^^^^^^^^^^^^^^^^^^^^^^^^^^^^^^^^^^^^^^^^
  File "/home/jaadoo/Documents/Projects/CAPSTONE/project_root/1.py", line 197, in train_model
    model = MultiModalCNNLSTM(
            ^^^^^^^^^^^^^^^^^^
TypeError: MultiModalFusionNetwork.__init__() got an unexpected keyword argument 'seq_len_ecg'
