2025-09-15 16:50:45,163 - main_pipeline - INFO - Starting ECG+PPG multimodal pipeline...
2025-09-15 16:50:45,164 - main_pipeline - INFO - Using device: cuda
2025-09-15 16:50:45,164 - main_pipeline - INFO - Directory structure created successfully
2025-09-15 16:50:45,164 - main_pipeline - INFO - Loading and preprocessing data...
2025-09-15 16:50:45,164 - main_pipeline - INFO - Found 48 MIT-BIH records
2025-09-15 16:50:45,221 - main_pipeline - INFO - Processed record 100: 2265 windows
2025-09-15 16:50:45,261 - main_pipeline - INFO - Processed record 101: 1860 windows
2025-09-15 16:50:45,306 - main_pipeline - INFO - Processed record 102: 2181 windows
2025-09-15 16:50:45,346 - main_pipeline - INFO - Processed record 103: 2078 windows
2025-09-15 16:50:45,390 - main_pipeline - INFO - Processed record 104: 2223 windows
2025-09-15 16:50:45,439 - main_pipeline - INFO - Processed record 105: 2565 windows
2025-09-15 16:50:45,483 - main_pipeline - INFO - Processed record 106: 2021 windows
2025-09-15 16:50:45,525 - main_pipeline - INFO - Processed record 107: 2132 windows
2025-09-15 16:50:45,565 - main_pipeline - INFO - Processed record 108: 1758 windows
2025-09-15 16:50:45,612 - main_pipeline - INFO - Processed record 109: 2525 windows
2025-09-15 16:50:45,653 - main_pipeline - INFO - Processed record 111: 2118 windows
2025-09-15 16:50:45,700 - main_pipeline - INFO - Processed record 112: 2532 windows
2025-09-15 16:50:45,746 - main_pipeline - INFO - Processed record 113: 1790 windows
2025-09-15 16:50:45,789 - main_pipeline - INFO - Processed record 114: 1873 windows
2025-09-15 16:50:45,829 - main_pipeline - INFO - Processed record 115: 1947 windows
2025-09-15 16:50:45,872 - main_pipeline - INFO - Processed record 116: 2405 windows
2025-09-15 16:50:45,908 - main_pipeline - INFO - Processed record 117: 1530 windows
2025-09-15 16:50:45,951 - main_pipeline - INFO - Processed record 118: 2272 windows
2025-09-15 16:50:45,994 - main_pipeline - INFO - Processed record 119: 1982 windows
2025-09-15 16:50:46,034 - main_pipeline - INFO - Processed record 121: 1857 windows
2025-09-15 16:50:46,079 - main_pipeline - INFO - Processed record 122: 2469 windows
2025-09-15 16:50:46,116 - main_pipeline - INFO - Processed record 123: 1513 windows
2025-09-15 16:50:46,153 - main_pipeline - INFO - Processed record 124: 1614 windows
2025-09-15 16:50:46,204 - main_pipeline - INFO - Processed record 200: 2594 windows
2025-09-15 16:50:46,245 - main_pipeline - INFO - Processed record 201: 1959 windows
2025-09-15 16:50:46,287 - main_pipeline - INFO - Processed record 202: 2129 windows
2025-09-15 16:50:46,341 - main_pipeline - INFO - Processed record 203: 2974 windows
2025-09-15 16:50:46,390 - main_pipeline - INFO - Processed record 205: 2649 windows
2025-09-15 16:50:46,433 - main_pipeline - INFO - Processed record 207: 1851 windows
2025-09-15 16:50:46,494 - main_pipeline - INFO - Processed record 208: 2947 windows
2025-09-15 16:50:46,647 - main_pipeline - INFO - Total ECG windows: 64613
2025-09-15 16:50:46,648 - main_pipeline - INFO - Class distribution: [53382   507  4100   402  6222]
2025-09-15 16:50:46,648 - main_pipeline - INFO - Generating synthetic PPG data (replace with real PPG in production)
2025-09-15 16:50:53,157 - main_pipeline - INFO - Applying signal preprocessing...
2025-09-15 16:51:49,544 - main_pipeline - INFO - Data split - Train: 38767, Val: 12923, Test: 12923
2025-09-15 16:52:54,364 - main_pipeline - INFO - Processed data saved to /home/jaadoo/Documents/Projects/CAPSTONE/project_root/data/processed/multimodal_data.npz
2025-09-15 16:52:54,375 - main_pipeline - INFO - Creating data loaders...
2025-09-15 16:52:54,617 - main_pipeline - INFO - Created data loaders - Train batches: 1212, Val batches: 404
2025-09-15 16:52:54,617 - main_pipeline - INFO - Initializing and training model...
2025-09-15 16:52:54,789 - main_pipeline - INFO - Model initialized on cuda
2025-09-15 16:52:54,789 - main_pipeline - INFO - Total parameters: 1,288,454
