2025-09-15 17:12:48,099 - main_pipeline - INFO - Starting ECG+PPG multimodal pipeline...
2025-09-15 17:12:48,100 - main_pipeline - INFO - Using device: cuda
2025-09-15 17:12:48,100 - main_pipeline - INFO - Directory structure created successfully
2025-09-15 17:12:48,100 - main_pipeline - INFO - Loading and preprocessing data...
2025-09-15 17:12:48,100 - main_pipeline - INFO - Found 48 MIT-BIH records
2025-09-15 17:12:48,182 - main_pipeline - INFO - Processed record 100: 2265 windows
2025-09-15 17:12:48,236 - main_pipeline - INFO - Processed record 101: 1860 windows
2025-09-15 17:12:48,298 - main_pipeline - INFO - Processed record 102: 2181 windows
2025-09-15 17:12:48,355 - main_pipeline - INFO - Processed record 103: 2078 windows
2025-09-15 17:12:48,416 - main_pipeline - INFO - Processed record 104: 2223 windows
2025-09-15 17:12:48,485 - main_pipeline - INFO - Processed record 105: 2565 windows
2025-09-15 17:12:48,544 - main_pipeline - INFO - Processed record 106: 2021 windows
2025-09-15 17:12:48,602 - main_pipeline - INFO - Processed record 107: 2132 windows
2025-09-15 17:12:48,656 - main_pipeline - INFO - Processed record 108: 1758 windows
2025-09-15 17:12:48,712 - main_pipeline - INFO - Processed record 109: 2525 windows
2025-09-15 17:12:48,773 - main_pipeline - INFO - Processed record 111: 2118 windows
2025-09-15 17:12:48,849 - main_pipeline - INFO - Processed record 112: 2532 windows
2025-09-15 17:12:48,902 - main_pipeline - INFO - Processed record 113: 1790 windows
2025-09-15 17:12:48,958 - main_pipeline - INFO - Processed record 114: 1873 windows
2025-09-15 17:12:49,006 - main_pipeline - INFO - Processed record 115: 1947 windows
2025-09-15 17:12:49,064 - main_pipeline - INFO - Processed record 116: 2405 windows
2025-09-15 17:12:49,114 - main_pipeline - INFO - Processed record 117: 1530 windows
2025-09-15 17:12:49,172 - main_pipeline - INFO - Processed record 118: 2272 windows
2025-09-15 17:12:49,220 - main_pipeline - INFO - Processed record 119: 1982 windows
2025-09-15 17:12:49,272 - main_pipeline - INFO - Processed record 121: 1857 windows
2025-09-15 17:12:49,332 - main_pipeline - INFO - Processed record 122: 2469 windows
2025-09-15 17:12:49,380 - main_pipeline - INFO - Processed record 123: 1513 windows
2025-09-15 17:12:49,426 - main_pipeline - INFO - Processed record 124: 1614 windows
2025-09-15 17:12:49,494 - main_pipeline - INFO - Processed record 200: 2594 windows
2025-09-15 17:12:49,548 - main_pipeline - INFO - Processed record 201: 1959 windows
2025-09-15 17:12:49,619 - main_pipeline - INFO - Processed record 202: 2129 windows
2025-09-15 17:12:49,695 - main_pipeline - INFO - Processed record 203: 2974 windows
2025-09-15 17:12:49,758 - main_pipeline - INFO - Processed record 205: 2649 windows
2025-09-15 17:12:49,818 - main_pipeline - INFO - Processed record 207: 1851 windows
2025-09-15 17:12:49,891 - main_pipeline - INFO - Processed record 208: 2947 windows
2025-09-15 17:12:50,069 - main_pipeline - INFO - Total ECG windows: 64613
2025-09-15 17:12:50,070 - main_pipeline - INFO - Class distribution: [53382   507  4100   402  6222]
2025-09-15 17:12:50,070 - main_pipeline - INFO - Generating synthetic PPG data (replace with real PPG in production)
2025-09-15 17:12:59,529 - main_pipeline - INFO - Applying signal preprocessing...
2025-09-15 17:14:09,039 - main_pipeline - INFO - Data split - Train: 38767, Val: 12923, Test: 12923
2025-09-15 17:15:26,767 - main_pipeline - INFO - Processed data saved to /home/jaadoo/Documents/Projects/CAPSTONE/project_root/data/processed/multimodal_data.npz
2025-09-15 17:15:26,779 - main_pipeline - INFO - Creating data loaders...
2025-09-15 17:15:27,048 - main_pipeline - INFO - Created data loaders - Train batches: 1212, Val batches: 404
2025-09-15 17:15:27,049 - main_pipeline - INFO - Initializing and training model...
2025-09-15 17:15:27,184 - main_pipeline - INFO - Model initialized on cuda
2025-09-15 17:15:27,184 - main_pipeline - INFO - Total parameters: 1,288,454
