2025-09-15 17:19:40,462 - main_pipeline - INFO - Starting ECG+PPG multimodal pipeline...
2025-09-15 17:19:40,463 - main_pipeline - INFO - Using device: cuda
2025-09-15 17:19:40,463 - main_pipeline - INFO - Directory structure created successfully
2025-09-15 17:19:40,463 - main_pipeline - INFO - Loading and preprocessing data...
2025-09-15 17:19:40,463 - main_pipeline - INFO - Found 48 MIT-BIH records
2025-09-15 17:19:40,557 - main_pipeline - INFO - Processed record 100: 2265 windows
2025-09-15 17:19:40,616 - main_pipeline - INFO - Processed record 101: 1860 windows
2025-09-15 17:19:40,677 - main_pipeline - INFO - Processed record 102: 2181 windows
2025-09-15 17:19:40,737 - main_pipeline - INFO - Processed record 103: 2078 windows
2025-09-15 17:19:40,802 - main_pipeline - INFO - Processed record 104: 2223 windows
2025-09-15 17:19:40,871 - main_pipeline - INFO - Processed record 105: 2565 windows
2025-09-15 17:19:40,930 - main_pipeline - INFO - Processed record 106: 2021 windows
2025-09-15 17:19:40,990 - main_pipeline - INFO - Processed record 107: 2132 windows
2025-09-15 17:19:41,048 - main_pipeline - INFO - Processed record 108: 1758 windows
2025-09-15 17:19:41,125 - main_pipeline - INFO - Processed record 109: 2525 windows
2025-09-15 17:19:41,185 - main_pipeline - INFO - Processed record 111: 2118 windows
2025-09-15 17:19:41,252 - main_pipeline - INFO - Processed record 112: 2532 windows
2025-09-15 17:19:41,307 - main_pipeline - INFO - Processed record 113: 1790 windows
2025-09-15 17:19:41,366 - main_pipeline - INFO - Processed record 114: 1873 windows
2025-09-15 17:19:41,428 - main_pipeline - INFO - Processed record 115: 1947 windows
2025-09-15 17:19:41,491 - main_pipeline - INFO - Processed record 116: 2405 windows
2025-09-15 17:19:41,547 - main_pipeline - INFO - Processed record 117: 1530 windows
2025-09-15 17:19:41,611 - main_pipeline - INFO - Processed record 118: 2272 windows
2025-09-15 17:19:41,677 - main_pipeline - INFO - Processed record 119: 1982 windows
2025-09-15 17:19:41,740 - main_pipeline - INFO - Processed record 121: 1857 windows
2025-09-15 17:19:41,816 - main_pipeline - INFO - Processed record 122: 2469 windows
2025-09-15 17:19:41,877 - main_pipeline - INFO - Processed record 123: 1513 windows
2025-09-15 17:19:41,936 - main_pipeline - INFO - Processed record 124: 1614 windows
2025-09-15 17:19:42,011 - main_pipeline - INFO - Processed record 200: 2594 windows
2025-09-15 17:19:42,069 - main_pipeline - INFO - Processed record 201: 1959 windows
2025-09-15 17:19:42,135 - main_pipeline - INFO - Processed record 202: 2129 windows
2025-09-15 17:19:42,215 - main_pipeline - INFO - Processed record 203: 2974 windows
2025-09-15 17:19:42,286 - main_pipeline - INFO - Processed record 205: 2649 windows
2025-09-15 17:19:42,356 - main_pipeline - INFO - Processed record 207: 1851 windows
2025-09-15 17:19:42,432 - main_pipeline - INFO - Processed record 208: 2947 windows
2025-09-15 17:19:42,607 - main_pipeline - INFO - Total ECG windows: 64613
2025-09-15 17:19:42,607 - main_pipeline - INFO - Class distribution: [53382   507  4100   402  6222]
2025-09-15 17:19:42,607 - main_pipeline - INFO - Generating synthetic PPG data (replace with real PPG in production)
2025-09-15 17:19:52,982 - main_pipeline - INFO - Applying signal preprocessing...
2025-09-15 17:21:04,871 - main_pipeline - INFO - Data split - Train: 38767, Val: 12923, Test: 12923
2025-09-15 17:22:27,809 - main_pipeline - INFO - Processed data saved to /home/jaadoo/Documents/Projects/CAPSTONE/project_root/data/processed/multimodal_data.npz
2025-09-15 17:22:27,822 - main_pipeline - INFO - Creating data loaders...
2025-09-15 17:22:28,068 - main_pipeline - INFO - Created data loaders - Train batches: 1212, Val batches: 404
2025-09-15 17:22:28,068 - main_pipeline - INFO - Initializing and training model...
2025-09-15 17:22:28,243 - main_pipeline - INFO - Model initialized on cuda
2025-09-15 17:22:28,244 - main_pipeline - INFO - Total parameters: 1,288,454
