2025-09-15 16:14:08,753 - main_pipeline - INFO - Starting ECG+PPG multimodal pipeline...
2025-09-15 16:14:08,753 - main_pipeline - INFO - Using device: cuda
2025-09-15 16:14:08,753 - main_pipeline - INFO - Directory structure created successfully
2025-09-15 16:14:08,753 - main_pipeline - INFO - Loading and preprocessing data...
2025-09-15 16:14:08,754 - main_pipeline - INFO - Found 48 MIT-BIH records
2025-09-15 16:14:08,811 - main_pipeline - INFO - Processed record 100: 2265 windows
2025-09-15 16:14:08,850 - main_pipeline - INFO - Processed record 101: 1860 windows
2025-09-15 16:14:08,894 - main_pipeline - INFO - Processed record 102: 2181 windows
2025-09-15 16:14:08,934 - main_pipeline - INFO - Processed record 103: 2078 windows
2025-09-15 16:14:08,978 - main_pipeline - INFO - Processed record 104: 2223 windows
2025-09-15 16:14:09,026 - main_pipeline - INFO - Processed record 105: 2565 windows
2025-09-15 16:14:09,067 - main_pipeline - INFO - Processed record 106: 2021 windows
2025-09-15 16:14:09,108 - main_pipeline - INFO - Processed record 107: 2132 windows
2025-09-15 16:14:09,149 - main_pipeline - INFO - Processed record 108: 1758 windows
2025-09-15 16:14:09,196 - main_pipeline - INFO - Processed record 109: 2525 windows
2025-09-15 16:14:09,236 - main_pipeline - INFO - Processed record 111: 2118 windows
2025-09-15 16:14:09,283 - main_pipeline - INFO - Processed record 112: 2532 windows
2025-09-15 16:14:09,326 - main_pipeline - INFO - Processed record 113: 1790 windows
2025-09-15 16:14:09,375 - main_pipeline - INFO - Processed record 114: 1873 windows
2025-09-15 16:14:09,419 - main_pipeline - INFO - Processed record 115: 1947 windows
2025-09-15 16:14:09,464 - main_pipeline - INFO - Processed record 116: 2405 windows
2025-09-15 16:14:09,508 - main_pipeline - INFO - Processed record 117: 1530 windows
2025-09-15 16:14:09,551 - main_pipeline - INFO - Processed record 118: 2272 windows
2025-09-15 16:14:09,592 - main_pipeline - INFO - Processed record 119: 1982 windows
2025-09-15 16:14:09,632 - main_pipeline - INFO - Processed record 121: 1857 windows
2025-09-15 16:14:09,677 - main_pipeline - INFO - Processed record 122: 2469 windows
2025-09-15 16:14:09,714 - main_pipeline - INFO - Processed record 123: 1513 windows
2025-09-15 16:14:09,750 - main_pipeline - INFO - Processed record 124: 1614 windows
2025-09-15 16:14:09,804 - main_pipeline - INFO - Processed record 200: 2594 windows
2025-09-15 16:14:09,848 - main_pipeline - INFO - Processed record 201: 1959 windows
2025-09-15 16:14:09,888 - main_pipeline - INFO - Processed record 202: 2129 windows
2025-09-15 16:14:09,940 - main_pipeline - INFO - Processed record 203: 2974 windows
2025-09-15 16:14:09,990 - main_pipeline - INFO - Processed record 205: 2649 windows
2025-09-15 16:14:10,032 - main_pipeline - INFO - Processed record 207: 1851 windows
2025-09-15 16:14:10,084 - main_pipeline - INFO - Processed record 208: 2947 windows
2025-09-15 16:14:10,241 - main_pipeline - INFO - Total ECG windows: 64613
2025-09-15 16:14:10,241 - main_pipeline - INFO - Class distribution: [53382   507  4100   402  6222]
2025-09-15 16:14:10,241 - main_pipeline - INFO - Generating synthetic PPG data (replace with real PPG in production)
2025-09-15 16:14:16,792 - main_pipeline - INFO - Applying signal preprocessing...
2025-09-15 16:15:11,411 - main_pipeline - INFO - Data split - Train: 38767, Val: 12923, Test: 12923
2025-09-15 16:16:15,554 - main_pipeline - INFO - Processed data saved to /home/jaadoo/Documents/Projects/CAPSTONE/project_root/data/processed/multimodal_data.npz
2025-09-15 16:16:15,566 - main_pipeline - INFO - Creating data loaders...
2025-09-15 16:16:15,844 - main_pipeline - INFO - Created data loaders - Train batches: 1212, Val batches: 404
2025-09-15 16:16:15,844 - main_pipeline - INFO - Initializing and training model...
2025-09-15 16:16:15,844 - main_pipeline - ERROR - Pipeline failed: MultiModalFusionNetwork.__init__() got an unexpected keyword argument 'n_classes_arr'
Traceback (most recent call last):
  File "/home/jaadoo/Documents/Projects/CAPSTONE/project_root/1.py", line 647, in <module>
    main()
  File "/home/jaadoo/Documents/Projects/CAPSTONE/project_root/1.py", line 576, in main
    model, history = train_model(train_loader, val_loader, ecg_seq_len, ppg_seq_len)
                     ^^^^^^^^^^^^^^^^^^^^^^^^^^^^^^^^^^^^^^^^^^^^^^^^^^^^^^^^^^^^^^^
  File "/home/jaadoo/Documents/Projects/CAPSTONE/project_root/1.py", line 197, in train_model
    model = MultiModalCNNLSTM(
            ^^^^^^^^^^^^^^^^^^
TypeError: MultiModalFusionNetwork.__init__() got an unexpected keyword argument 'n_classes_arr'
