2025-09-15 16:18:03,026 - main_pipeline - INFO - Starting ECG+PPG multimodal pipeline...
2025-09-15 16:18:03,026 - main_pipeline - INFO - Using device: cuda
2025-09-15 16:18:03,026 - main_pipeline - INFO - Directory structure created successfully
2025-09-15 16:18:03,026 - main_pipeline - INFO - Loading and preprocessing data...
2025-09-15 16:18:03,027 - main_pipeline - INFO - Found 48 MIT-BIH records
2025-09-15 16:18:03,086 - main_pipeline - INFO - Processed record 100: 2265 windows
2025-09-15 16:18:03,127 - main_pipeline - INFO - Processed record 101: 1860 windows
2025-09-15 16:18:03,175 - main_pipeline - INFO - Processed record 102: 2181 windows
2025-09-15 16:18:03,218 - main_pipeline - INFO - Processed record 103: 2078 windows
2025-09-15 16:18:03,262 - main_pipeline - INFO - Processed record 104: 2223 windows
2025-09-15 16:18:03,314 - main_pipeline - INFO - Processed record 105: 2565 windows
2025-09-15 16:18:03,360 - main_pipeline - INFO - Processed record 106: 2021 windows
2025-09-15 16:18:03,402 - main_pipeline - INFO - Processed record 107: 2132 windows
2025-09-15 16:18:03,445 - main_pipeline - INFO - Processed record 108: 1758 windows
2025-09-15 16:18:03,493 - main_pipeline - INFO - Processed record 109: 2525 windows
2025-09-15 16:18:03,535 - main_pipeline - INFO - Processed record 111: 2118 windows
2025-09-15 16:18:03,582 - main_pipeline - INFO - Processed record 112: 2532 windows
2025-09-15 16:18:03,624 - main_pipeline - INFO - Processed record 113: 1790 windows
2025-09-15 16:18:03,665 - main_pipeline - INFO - Processed record 114: 1873 windows
2025-09-15 16:18:03,707 - main_pipeline - INFO - Processed record 115: 1947 windows
2025-09-15 16:18:03,755 - main_pipeline - INFO - Processed record 116: 2405 windows
2025-09-15 16:18:03,794 - main_pipeline - INFO - Processed record 117: 1530 windows
2025-09-15 16:18:03,840 - main_pipeline - INFO - Processed record 118: 2272 windows
2025-09-15 16:18:03,882 - main_pipeline - INFO - Processed record 119: 1982 windows
2025-09-15 16:18:03,922 - main_pipeline - INFO - Processed record 121: 1857 windows
2025-09-15 16:18:03,968 - main_pipeline - INFO - Processed record 122: 2469 windows
2025-09-15 16:18:04,002 - main_pipeline - INFO - Processed record 123: 1513 windows
2025-09-15 16:18:04,041 - main_pipeline - INFO - Processed record 124: 1614 windows
2025-09-15 16:18:04,092 - main_pipeline - INFO - Processed record 200: 2594 windows
2025-09-15 16:18:04,133 - main_pipeline - INFO - Processed record 201: 1959 windows
2025-09-15 16:18:04,179 - main_pipeline - INFO - Processed record 202: 2129 windows
2025-09-15 16:18:04,234 - main_pipeline - INFO - Processed record 203: 2974 windows
2025-09-15 16:18:04,283 - main_pipeline - INFO - Processed record 205: 2649 windows
2025-09-15 16:18:04,324 - main_pipeline - INFO - Processed record 207: 1851 windows
2025-09-15 16:18:04,378 - main_pipeline - INFO - Processed record 208: 2947 windows
2025-09-15 16:18:04,534 - main_pipeline - INFO - Total ECG windows: 64613
2025-09-15 16:18:04,535 - main_pipeline - INFO - Class distribution: [53382   507  4100   402  6222]
2025-09-15 16:18:04,535 - main_pipeline - INFO - Generating synthetic PPG data (replace with real PPG in production)
2025-09-15 16:18:11,166 - main_pipeline - INFO - Applying signal preprocessing...
2025-09-15 16:19:06,549 - main_pipeline - INFO - Data split - Train: 38767, Val: 12923, Test: 12923
2025-09-15 16:20:11,606 - main_pipeline - INFO - Processed data saved to /home/jaadoo/Documents/Projects/CAPSTONE/project_root/data/processed/multimodal_data.npz
2025-09-15 16:20:11,618 - main_pipeline - INFO - Creating data loaders...
2025-09-15 16:20:11,860 - main_pipeline - INFO - Created data loaders - Train batches: 1212, Val batches: 404
2025-09-15 16:20:11,860 - main_pipeline - INFO - Initializing and training model...
2025-09-15 16:20:12,037 - main_pipeline - INFO - Model initialized on cuda
2025-09-15 16:20:12,037 - main_pipeline - INFO - Total parameters: 1,288,454
