2025-09-17 23:21:24,955 - pretrained_integration - INFO - Starting pretrained ECG integration pipeline...
2025-09-17 23:21:24,955 - pretrained_integration - INFO - Using device: cuda
2025-09-17 23:21:24,955 - pretrained_integration - WARNING - No pretrained ECG model found, will use random initialization
2025-09-17 23:21:24,955 - pretrained_integration - INFO - Loading processed data from /home/jaadoo/Documents/Projects/CAPSTONE/project_root/data/processed/multimodal_data.npz
2025-09-17 23:21:34,957 - pretrained_integration - INFO - Data loaded - Train: 38767, Val: 12923, Test: 12923
2025-09-17 23:21:34,957 - pretrained_integration - INFO - Class distribution - Train: [32028   304  2460   242  3733]
2025-09-17 23:21:35,465 - pretrained_integration - WARNING - Pretrained weights not found at None, using random initialization
2025-09-17 23:21:35,609 - pretrained_integration - INFO - Model initialized with pretrained ECG encoder
2025-09-17 23:21:35,610 - pretrained_integration - INFO - Total parameters: 1,254,629
2025-09-17 23:21:35,610 - pretrained_integration - INFO - Trainable parameters: 81,798
2025-09-17 23:21:36,195 - pretrained_integration - INFO - Starting fine-tuning for 3 epochs...
2025-09-17 23:21:37,185 - pretrained_integration - INFO - Epoch 1/3, Batch 0/1212, Loss: 1.6076, Acc: 25.00%
2025-09-17 23:21:39,852 - pretrained_integration - INFO - Epoch 1/3, Batch 10/1212, Loss: 1.6259, Acc: 17.61%
2025-09-17 23:21:42,526 - pretrained_integration - INFO - Epoch 1/3, Batch 20/1212, Loss: 1.6188, Acc: 19.64%
2025-09-17 23:21:45,202 - pretrained_integration - INFO - Epoch 1/3, Batch 30/1212, Loss: 1.6250, Acc: 19.35%
2025-09-17 23:21:47,882 - pretrained_integration - INFO - Epoch 1/3, Batch 40/1212, Loss: 1.5969, Acc: 19.44%
2025-09-17 23:21:50,562 - pretrained_integration - INFO - Epoch 1/3, Batch 50/1212, Loss: 1.5908, Acc: 19.73%
2025-09-17 23:21:53,250 - pretrained_integration - INFO - Epoch 1/3, Batch 60/1212, Loss: 1.6377, Acc: 20.18%
2025-09-17 23:21:55,997 - pretrained_integration - INFO - Epoch 1/3, Batch 70/1212, Loss: 1.6380, Acc: 19.94%
2025-09-17 23:21:58,747 - pretrained_integration - INFO - Epoch 1/3, Batch 80/1212, Loss: 1.5245, Acc: 20.18%
2025-09-17 23:22:01,522 - pretrained_integration - INFO - Epoch 1/3, Batch 90/1212, Loss: 1.6316, Acc: 20.67%
2025-09-17 23:22:04,455 - pretrained_integration - INFO - Epoch 1/3, Batch 100/1212, Loss: 1.6052, Acc: 20.70%
2025-09-17 23:22:07,379 - pretrained_integration - INFO - Epoch 1/3, Batch 110/1212, Loss: 1.5812, Acc: 20.81%
2025-09-17 23:22:10,305 - pretrained_integration - INFO - Epoch 1/3, Batch 120/1212, Loss: 1.6135, Acc: 20.69%
2025-09-17 23:22:13,233 - pretrained_integration - INFO - Epoch 1/3, Batch 130/1212, Loss: 1.6217, Acc: 20.97%
2025-09-17 23:22:16,166 - pretrained_integration - INFO - Epoch 1/3, Batch 140/1212, Loss: 1.5885, Acc: 21.08%
2025-09-17 23:22:19,098 - pretrained_integration - INFO - Epoch 1/3, Batch 150/1212, Loss: 1.6663, Acc: 21.17%
2025-09-17 23:22:22,037 - pretrained_integration - INFO - Epoch 1/3, Batch 160/1212, Loss: 1.5919, Acc: 21.37%
2025-09-17 23:22:24,980 - pretrained_integration - INFO - Epoch 1/3, Batch 170/1212, Loss: 1.5698, Acc: 21.60%
2025-09-17 23:22:27,926 - pretrained_integration - INFO - Epoch 1/3, Batch 180/1212, Loss: 1.5586, Acc: 22.01%
2025-09-17 23:22:30,875 - pretrained_integration - INFO - Epoch 1/3, Batch 190/1212, Loss: 1.6085, Acc: 22.33%
2025-09-17 23:22:33,831 - pretrained_integration - INFO - Epoch 1/3, Batch 200/1212, Loss: 1.5246, Acc: 22.57%
2025-09-17 23:22:36,790 - pretrained_integration - INFO - Epoch 1/3, Batch 210/1212, Loss: 1.5015, Acc: 22.72%
2025-09-17 23:22:39,759 - pretrained_integration - INFO - Epoch 1/3, Batch 220/1212, Loss: 1.5078, Acc: 22.81%
2025-09-17 23:22:42,728 - pretrained_integration - INFO - Epoch 1/3, Batch 230/1212, Loss: 1.5456, Acc: 23.11%
2025-09-17 23:22:45,706 - pretrained_integration - INFO - Epoch 1/3, Batch 240/1212, Loss: 1.4877, Acc: 23.38%
2025-09-17 23:22:48,698 - pretrained_integration - INFO - Epoch 1/3, Batch 250/1212, Loss: 1.5384, Acc: 23.58%
2025-09-17 23:22:51,691 - pretrained_integration - INFO - Epoch 1/3, Batch 260/1212, Loss: 1.6811, Acc: 23.69%
2025-09-17 23:22:54,691 - pretrained_integration - INFO - Epoch 1/3, Batch 270/1212, Loss: 1.4463, Acc: 23.90%
2025-09-17 23:22:57,702 - pretrained_integration - INFO - Epoch 1/3, Batch 280/1212, Loss: 1.5156, Acc: 24.08%
2025-09-17 23:23:00,726 - pretrained_integration - INFO - Epoch 1/3, Batch 290/1212, Loss: 1.4502, Acc: 24.14%
2025-09-17 23:23:03,758 - pretrained_integration - INFO - Epoch 1/3, Batch 300/1212, Loss: 1.5771, Acc: 24.31%
2025-09-17 23:23:06,792 - pretrained_integration - INFO - Epoch 1/3, Batch 310/1212, Loss: 1.3867, Acc: 24.53%
2025-09-17 23:23:09,828 - pretrained_integration - INFO - Epoch 1/3, Batch 320/1212, Loss: 1.4957, Acc: 24.72%
2025-09-17 23:23:12,879 - pretrained_integration - INFO - Epoch 1/3, Batch 330/1212, Loss: 1.5167, Acc: 24.69%
2025-09-17 23:23:15,938 - pretrained_integration - INFO - Epoch 1/3, Batch 340/1212, Loss: 1.5380, Acc: 24.84%
2025-09-17 23:23:19,001 - pretrained_integration - INFO - Epoch 1/3, Batch 350/1212, Loss: 1.4699, Acc: 25.02%
2025-09-17 23:23:22,078 - pretrained_integration - INFO - Epoch 1/3, Batch 360/1212, Loss: 1.5971, Acc: 25.13%
2025-09-17 23:23:25,164 - pretrained_integration - INFO - Epoch 1/3, Batch 370/1212, Loss: 1.5013, Acc: 25.20%
2025-09-17 23:23:28,259 - pretrained_integration - INFO - Epoch 1/3, Batch 380/1212, Loss: 1.4701, Acc: 25.36%
2025-09-17 23:23:31,364 - pretrained_integration - INFO - Epoch 1/3, Batch 390/1212, Loss: 1.6818, Acc: 25.58%
2025-09-17 23:23:34,474 - pretrained_integration - INFO - Epoch 1/3, Batch 400/1212, Loss: 1.4860, Acc: 25.83%
2025-09-17 23:23:37,606 - pretrained_integration - INFO - Epoch 1/3, Batch 410/1212, Loss: 1.4943, Acc: 26.03%
2025-09-17 23:23:40,740 - pretrained_integration - INFO - Epoch 1/3, Batch 420/1212, Loss: 1.4700, Acc: 26.25%
2025-09-17 23:23:43,892 - pretrained_integration - INFO - Epoch 1/3, Batch 430/1212, Loss: 1.4011, Acc: 26.35%
2025-09-17 23:23:47,050 - pretrained_integration - INFO - Epoch 1/3, Batch 440/1212, Loss: 1.5271, Acc: 26.43%
2025-09-17 23:23:50,207 - pretrained_integration - INFO - Epoch 1/3, Batch 450/1212, Loss: 1.4142, Acc: 26.64%
2025-09-17 23:23:53,371 - pretrained_integration - INFO - Epoch 1/3, Batch 460/1212, Loss: 1.5875, Acc: 26.73%
2025-09-17 23:23:56,520 - pretrained_integration - INFO - Epoch 1/3, Batch 470/1212, Loss: 1.4438, Acc: 26.82%
2025-09-17 23:23:59,678 - pretrained_integration - INFO - Epoch 1/3, Batch 480/1212, Loss: 1.5372, Acc: 26.85%
2025-09-17 23:24:02,846 - pretrained_integration - INFO - Epoch 1/3, Batch 490/1212, Loss: 1.6095, Acc: 26.97%
2025-09-17 23:24:06,025 - pretrained_integration - INFO - Epoch 1/3, Batch 500/1212, Loss: 1.4391, Acc: 27.10%
2025-09-17 23:24:09,199 - pretrained_integration - INFO - Epoch 1/3, Batch 510/1212, Loss: 1.4955, Acc: 27.26%
2025-09-17 23:24:12,383 - pretrained_integration - INFO - Epoch 1/3, Batch 520/1212, Loss: 1.5232, Acc: 27.38%
2025-09-17 23:24:15,581 - pretrained_integration - INFO - Epoch 1/3, Batch 530/1212, Loss: 1.4625, Acc: 27.57%
2025-09-17 23:24:18,775 - pretrained_integration - INFO - Epoch 1/3, Batch 540/1212, Loss: 1.5450, Acc: 27.74%
2025-09-17 23:24:21,966 - pretrained_integration - INFO - Epoch 1/3, Batch 550/1212, Loss: 1.3142, Acc: 27.94%
2025-09-17 23:24:25,172 - pretrained_integration - INFO - Epoch 1/3, Batch 560/1212, Loss: 1.3712, Acc: 28.05%
2025-09-17 23:24:28,387 - pretrained_integration - INFO - Epoch 1/3, Batch 570/1212, Loss: 1.2512, Acc: 28.29%
2025-09-17 23:24:31,597 - pretrained_integration - INFO - Epoch 1/3, Batch 580/1212, Loss: 1.3625, Acc: 28.50%
2025-09-17 23:24:34,822 - pretrained_integration - INFO - Epoch 1/3, Batch 590/1212, Loss: 1.4678, Acc: 28.63%
2025-09-17 23:24:38,031 - pretrained_integration - INFO - Epoch 1/3, Batch 600/1212, Loss: 1.2947, Acc: 28.91%
2025-09-17 23:24:41,249 - pretrained_integration - INFO - Epoch 1/3, Batch 610/1212, Loss: 1.3300, Acc: 29.08%
2025-09-17 23:24:44,464 - pretrained_integration - INFO - Epoch 1/3, Batch 620/1212, Loss: 1.2603, Acc: 29.23%
2025-09-17 23:24:47,703 - pretrained_integration - INFO - Epoch 1/3, Batch 630/1212, Loss: 1.1676, Acc: 29.48%
2025-09-17 23:24:50,935 - pretrained_integration - INFO - Epoch 1/3, Batch 640/1212, Loss: 1.2517, Acc: 29.70%
2025-09-17 23:24:54,187 - pretrained_integration - INFO - Epoch 1/3, Batch 650/1212, Loss: 1.3421, Acc: 29.99%
2025-09-17 23:24:57,441 - pretrained_integration - INFO - Epoch 1/3, Batch 660/1212, Loss: 1.5497, Acc: 30.12%
2025-09-17 23:25:00,700 - pretrained_integration - INFO - Epoch 1/3, Batch 670/1212, Loss: 1.2622, Acc: 30.30%
